<?xml version="1.0" encoding="UTF-8"?>
<!-- Generated by org.testng.reporters.JUnitReportReporter -->
<testsuite hostname="LAPTOP-6I2ERQM6" failures="0" tests="1" name="testClass.VerificationOfRadioLogy" time="8.768" errors="0" timestamp="2023-08-28T14:47:21 IST" skipped="0">
  <testcase classname="testClass.VerificationOfRadioLogy" name="ToVerifyRadioLogy" time="8.768"/>
  <system-out/>
</testsuite> <!-- testClass.VerificationOfRadioLogy -->
